0 verbose cli D:\Program Files\nodejs\node.exe C:\Users\Ayeesha\AppData\Roaming\npm\node_modules\npm\bin\npm-cli.js
1 info using npm@9.8.1
2 info using node@v18.17.0
3 timing npm:load:whichnode Completed in 2ms
4 timing config:load:defaults Completed in 5ms
5 timing config:load:file:C:\Users\Ayeesha\AppData\Roaming\npm\node_modules\npm\npmrc Completed in 4ms
6 timing config:load:builtin Completed in 4ms
7 timing config:load:cli Completed in 2ms
8 timing config:load:env Completed in 1ms
9 timing config:load:file:D:\React\inotebook\backend\.npmrc Completed in 1ms
10 timing config:load:project Completed in 2ms
11 timing config:load:file:C:\Users\Ayeesha\.npmrc Completed in 0ms
12 timing config:load:user Completed in 0ms
13 timing config:load:file:C:\Users\Ayeesha\AppData\Roaming\npm\etc\npmrc Completed in 1ms
14 timing config:load:global Completed in 1ms
15 timing config:load:setEnvs Completed in 0ms
16 timing config:load Completed in 15ms
17 timing npm:load:configload Completed in 15ms
18 timing config:load:flatten Completed in 3ms
19 timing npm:load:mkdirpcache Completed in 0ms
20 timing npm:load:mkdirplogs Completed in 1ms
21 verbose title npm i mongoose
22 verbose argv "i" "mongoose"
23 timing npm:load:setTitle Completed in 1ms
24 timing npm:load:display Completed in 0ms
25 verbose logfile logs-max:10 dir:D:\React\inotebook\backend\npm-cache\_logs\2023-08-12T00_30_15_321Z-
26 verbose logfile D:\React\inotebook\backend\npm-cache\_logs\2023-08-12T00_30_15_321Z-debug-0.log
27 timing npm:load:logFile Completed in 9ms
28 timing npm:load:timers Completed in 0ms
29 timing npm:load:configScope Completed in 0ms
30 timing npm:load Completed in 49ms
31 timing arborist:ctor Completed in 0ms
32 silly logfile done cleaning log files
33 timing idealTree:init Completed in 40ms
34 timing idealTree:userRequests Completed in 1ms
35 silly idealTree buildDeps
36 silly fetch manifest mongoose@*
37 timing arborist:ctor Completed in 1ms
38 http fetch GET 200 https://registry.npmjs.org/mongoose 2503ms (cache miss)
39 silly placeDep ROOT mongoose@7.4.3 OK for: inotebook@1.0.0 want: *
40 silly fetch manifest bson@^5.4.0
41 silly fetch manifest kareem@2.5.1
42 silly fetch manifest mongodb@5.7.0
43 silly fetch manifest mpath@0.9.0
44 silly fetch manifest mquery@5.0.0
45 silly fetch manifest ms@2.1.3
46 silly fetch manifest sift@16.0.1
47 http fetch GET 200 https://registry.npmjs.org/ms 39ms (cache hit)
48 http fetch GET 200 https://registry.npmjs.org/mquery 666ms (cache miss)
49 http fetch GET 200 https://registry.npmjs.org/kareem 685ms (cache miss)
50 http fetch GET 200 https://registry.npmjs.org/sift 938ms (cache miss)
51 http fetch GET 200 https://registry.npmjs.org/mpath 1362ms (cache miss)
52 http fetch GET 200 https://registry.npmjs.org/bson 1428ms (cache miss)
53 http fetch GET 200 https://registry.npmjs.org/mongodb 2295ms (cache miss)
54 timing idealTree:#root Completed in 4837ms
55 silly fetch manifest @aws-sdk/credential-providers@^3.201.0
56 http fetch GET 200 https://registry.npmjs.org/@aws-sdk%2fcredential-providers 746ms (cache miss)
57 silly fetch manifest @mongodb-js/zstd@^1.1.0
58 http fetch GET 200 https://registry.npmjs.org/@mongodb-js%2fzstd 1475ms (cache miss)
59 silly fetch manifest kerberos@^2.0.1
60 http fetch GET 200 https://registry.npmjs.org/kerberos 1048ms (cache miss)
61 silly fetch manifest mongodb-client-encryption@>=2.3.0 <3
62 http fetch GET 200 https://registry.npmjs.org/mongodb-client-encryption 1168ms (cache miss)
63 silly fetch manifest gcp-metadata@^5.2.0
64 http fetch GET 200 https://registry.npmjs.org/gcp-metadata 1120ms (cache miss)
65 silly fetch manifest snappy@^7.2.2
66 http fetch GET 200 https://registry.npmjs.org/snappy 279ms (cache miss)
67 silly placeDep ROOT bson@5.4.0 OK for: mongoose@7.4.3 want: ^5.4.0
68 silly placeDep ROOT kareem@2.5.1 OK for: mongoose@7.4.3 want: 2.5.1
69 silly placeDep ROOT mongodb@5.7.0 OK for: mongoose@7.4.3 want: 5.7.0
70 silly fetch manifest mongodb-connection-string-url@^2.6.0
71 silly fetch manifest socks@^2.7.1
72 silly fetch manifest saslprep@^1.0.3
73 silly placeDep ROOT mpath@0.9.0 OK for: mongoose@7.4.3 want: 0.9.0
74 silly placeDep ROOT mquery@5.0.0 OK for: mongoose@7.4.3 want: 5.0.0
75 silly fetch manifest debug@4.x
76 silly placeDep node_modules/mongoose ms@2.1.3 OK for: mongoose@7.4.3 want: 2.1.3
77 silly placeDep ROOT sift@16.0.1 OK for: mongoose@7.4.3 want: 16.0.1
78 http fetch GET 200 https://registry.npmjs.org/debug 35ms (cache hit)
79 http fetch GET 200 https://registry.npmjs.org/socks 238ms (cache miss)
80 http fetch GET 200 https://registry.npmjs.org/mongodb-connection-string-url 449ms (cache miss)
81 http fetch GET 200 https://registry.npmjs.org/saslprep 1088ms (cache miss)
82 timing idealTree:node_modules/mongoose Completed in 6972ms
83 timing idealTree:node_modules/bson Completed in 0ms
84 timing idealTree:node_modules/kareem Completed in 0ms
85 silly placeDep ROOT mongodb-connection-string-url@2.6.0 OK for: mongodb@5.7.0 want: ^2.6.0
86 silly fetch manifest @types/whatwg-url@^8.2.1
87 silly fetch manifest whatwg-url@^11.0.0
88 silly placeDep ROOT saslprep@1.0.3 OK for: mongodb@5.7.0 want: ^1.0.3
89 silly fetch manifest sparse-bitfield@^3.0.3
90 silly placeDep ROOT socks@2.7.1 OK for: mongodb@5.7.0 want: ^2.7.1
91 silly fetch manifest ip@^2.0.0
92 silly fetch manifest smart-buffer@^4.2.0
93 http fetch GET 200 https://registry.npmjs.org/sparse-bitfield 206ms (cache miss)
94 http fetch GET 200 https://registry.npmjs.org/ip 344ms (cache miss)
95 http fetch GET 200 https://registry.npmjs.org/whatwg-url 397ms (cache miss)
96 http fetch GET 200 https://registry.npmjs.org/smart-buffer 454ms (cache miss)
97 http fetch GET 200 https://registry.npmjs.org/@types%2fwhatwg-url 719ms (cache miss)
98 timing idealTree:node_modules/mongodb Completed in 729ms
99 silly placeDep ROOT @types/whatwg-url@8.2.2 OK for: mongodb-connection-string-url@2.6.0 want: ^8.2.1
100 silly fetch manifest @types/node@*
101 silly fetch manifest @types/webidl-conversions@*
102 silly placeDep ROOT whatwg-url@11.0.0 OK for: mongodb-connection-string-url@2.6.0 want: ^11.0.0
103 silly fetch manifest tr46@^3.0.0
104 silly fetch manifest webidl-conversions@^7.0.0
105 http fetch GET 200 https://registry.npmjs.org/webidl-conversions 196ms (cache miss)
106 http fetch GET 200 https://registry.npmjs.org/tr46 357ms (cache miss)
107 http fetch GET 200 https://registry.npmjs.org/@types%2fwebidl-conversions 2288ms (cache miss)
108 http fetch GET 200 https://registry.npmjs.org/@types%2fnode 3035ms (cache miss)
109 timing idealTree:node_modules/mongodb-connection-string-url Completed in 3067ms
110 silly placeDep ROOT @types/node@20.4.10 OK for: @types/whatwg-url@8.2.2 want: *
111 silly placeDep ROOT @types/webidl-conversions@7.0.0 OK for: @types/whatwg-url@8.2.2 want: *
112 timing idealTree:node_modules/@types/whatwg-url Completed in 10ms
113 timing idealTree:node_modules/@types/node Completed in 0ms
114 timing idealTree:node_modules/@types/webidl-conversions Completed in 0ms
115 timing idealTree:node_modules/mpath Completed in 0ms
116 silly placeDep node_modules/mquery debug@4.3.4 OK for: mquery@5.0.0 want: 4.x
117 silly fetch manifest ms@2.1.2
118 timing idealTree:node_modules/mquery Completed in 5ms
119 silly placeDep ROOT sparse-bitfield@3.0.3 OK for: saslprep@1.0.3 want: ^3.0.3
120 silly fetch manifest memory-pager@^1.0.2
121 http fetch GET 200 https://registry.npmjs.org/memory-pager 1037ms (cache miss)
122 timing idealTree:node_modules/saslprep Completed in 1043ms
123 timing idealTree:node_modules/sift Completed in 0ms
124 silly placeDep ROOT ip@2.0.0 OK for: socks@2.7.1 want: ^2.0.0
125 silly placeDep ROOT smart-buffer@4.2.0 OK for: socks@2.7.1 want: ^4.2.0
126 timing idealTree:node_modules/socks Completed in 5ms
127 timing idealTree:node_modules/ip Completed in 0ms
128 timing idealTree:node_modules/smart-buffer Completed in 0ms
129 silly placeDep ROOT memory-pager@1.5.0 OK for: sparse-bitfield@3.0.3 want: ^1.0.2
130 timing idealTree:node_modules/sparse-bitfield Completed in 2ms
131 timing idealTree:node_modules/memory-pager Completed in 0ms
132 silly placeDep ROOT tr46@3.0.0 OK for: whatwg-url@11.0.0 want: ^3.0.0
133 silly fetch manifest punycode@^2.1.1
134 silly placeDep ROOT webidl-conversions@7.0.0 OK for: whatwg-url@11.0.0 want: ^7.0.0
135 http fetch GET 200 https://registry.npmjs.org/punycode 173ms (cache miss)
136 timing idealTree:node_modules/whatwg-url Completed in 180ms
137 silly placeDep ROOT punycode@2.3.0 OK for: tr46@3.0.0 want: ^2.1.1
138 timing idealTree:node_modules/tr46 Completed in 3ms
139 timing idealTree:node_modules/punycode Completed in 0ms
140 timing idealTree:node_modules/webidl-conversions Completed in 0ms
141 timing idealTree:node_modules/mongoose/node_modules/ms Completed in 0ms
142 silly placeDep node_modules/mquery ms@2.1.2 OK for: debug@4.3.4 want: 2.1.2
143 timing idealTree:node_modules/mquery/node_modules/debug Completed in 3ms
144 timing idealTree:node_modules/mquery/node_modules/ms Completed in 0ms
145 timing idealTree:buildDeps Completed in 16861ms
146 timing idealTree:fixDepFlags Completed in 4ms
147 timing idealTree Completed in 16913ms
148 timing reify:loadTrees Completed in 16915ms
149 timing reify:diffTrees Completed in 12ms
150 silly reify moves {}
151 timing reify:retireShallow Completed in 3ms
152 timing reify:createSparse Completed in 8ms
153 timing reify:loadBundles Completed in 0ms
154 silly audit bulk request {
154 silly audit   accepts: [ '1.3.8' ],
154 silly audit   'array-flatten': [ '1.1.1' ],
154 silly audit   'body-parser': [ '1.20.1' ],
154 silly audit   bytes: [ '3.1.2' ],
154 silly audit   'call-bind': [ '1.0.2' ],
154 silly audit   'content-disposition': [ '0.5.4' ],
154 silly audit   'content-type': [ '1.0.5' ],
154 silly audit   cookie: [ '0.5.0' ],
154 silly audit   'cookie-signature': [ '1.0.6' ],
154 silly audit   debug: [ '2.6.9', '4.3.4' ],
154 silly audit   depd: [ '2.0.0' ],
154 silly audit   destroy: [ '1.2.0' ],
154 silly audit   'ee-first': [ '1.1.1' ],
154 silly audit   encodeurl: [ '1.0.2' ],
154 silly audit   'escape-html': [ '1.0.3' ],
154 silly audit   etag: [ '1.8.1' ],
154 silly audit   express: [ '4.18.2' ],
154 silly audit   finalhandler: [ '1.2.0' ],
154 silly audit   forwarded: [ '0.2.0' ],
154 silly audit   fresh: [ '0.5.2' ],
154 silly audit   'function-bind': [ '1.1.1' ],
154 silly audit   'get-intrinsic': [ '1.2.1' ],
154 silly audit   has: [ '1.0.3' ],
154 silly audit   'has-proto': [ '1.0.1' ],
154 silly audit   'has-symbols': [ '1.0.3' ],
154 silly audit   'http-errors': [ '2.0.0' ],
154 silly audit   'iconv-lite': [ '0.4.24' ],
154 silly audit   inherits: [ '2.0.4' ],
154 silly audit   'ipaddr.js': [ '1.9.1' ],
154 silly audit   'media-typer': [ '0.3.0' ],
154 silly audit   'merge-descriptors': [ '1.0.1' ],
154 silly audit   methods: [ '1.1.2' ],
154 silly audit   mime: [ '1.6.0' ],
154 silly audit   'mime-db': [ '1.52.0' ],
154 silly audit   'mime-types': [ '2.1.35' ],
154 silly audit   ms: [ '2.0.0', '2.1.3', '2.1.2' ],
154 silly audit   negotiator: [ '0.6.3' ],
154 silly audit   'object-inspect': [ '1.12.3' ],
154 silly audit   'on-finished': [ '2.4.1' ],
154 silly audit   parseurl: [ '1.3.3' ],
154 silly audit   'path-to-regexp': [ '0.1.7' ],
154 silly audit   'proxy-addr': [ '2.0.7' ],
154 silly audit   qs: [ '6.11.0' ],
154 silly audit   'range-parser': [ '1.2.1' ],
154 silly audit   'raw-body': [ '2.5.1' ],
154 silly audit   'safe-buffer': [ '5.2.1' ],
154 silly audit   'safer-buffer': [ '2.1.2' ],
154 silly audit   send: [ '0.18.0' ],
154 silly audit   'serve-static': [ '1.15.0' ],
154 silly audit   setprototypeof: [ '1.2.0' ],
154 silly audit   'side-channel': [ '1.0.4' ],
154 silly audit   statuses: [ '2.0.1' ],
154 silly audit   toidentifier: [ '1.0.1' ],
154 silly audit   'type-is': [ '1.6.18' ],
154 silly audit   unpipe: [ '1.0.0' ],
154 silly audit   'utils-merge': [ '1.0.1' ],
154 silly audit   vary: [ '1.1.2' ],
154 silly audit   mongoose: [ '7.4.3' ],
154 silly audit   bson: [ '5.4.0' ],
154 silly audit   kareem: [ '2.5.1' ],
154 silly audit   mongodb: [ '5.7.0' ],
154 silly audit   mpath: [ '0.9.0' ],
154 silly audit   mquery: [ '5.0.0' ],
154 silly audit   sift: [ '16.0.1' ],
154 silly audit   'mongodb-connection-string-url': [ '2.6.0' ],
154 silly audit   saslprep: [ '1.0.3' ],
154 silly audit   socks: [ '2.7.1' ],
154 silly audit   '@types/whatwg-url': [ '8.2.2' ],
154 silly audit   'whatwg-url': [ '11.0.0' ],
154 silly audit   '@types/node': [ '20.4.10' ],
154 silly audit   '@types/webidl-conversions': [ '7.0.0' ],
154 silly audit   'sparse-bitfield': [ '3.0.3' ],
154 silly audit   ip: [ '2.0.0' ],
154 silly audit   'smart-buffer': [ '4.2.0' ],
154 silly audit   'memory-pager': [ '1.5.0' ],
154 silly audit   tr46: [ '3.0.0' ],
154 silly audit   'webidl-conversions': [ '7.0.0' ],
154 silly audit   punycode: [ '2.3.0' ]
154 silly audit }
155 silly tarball no local data for punycode@https://registry.npmjs.org/punycode/-/punycode-2.3.0.tgz. Extracting by manifest.
156 silly tarball no local data for webidl-conversions@https://registry.npmjs.org/webidl-conversions/-/webidl-conversions-7.0.0.tgz. Extracting by manifest.
157 silly tarball no local data for smart-buffer@https://registry.npmjs.org/smart-buffer/-/smart-buffer-4.2.0.tgz. Extracting by manifest.
158 silly tarball no local data for tr46@https://registry.npmjs.org/tr46/-/tr46-3.0.0.tgz. Extracting by manifest.
159 silly tarball no local data for memory-pager@https://registry.npmjs.org/memory-pager/-/memory-pager-1.5.0.tgz. Extracting by manifest.
160 silly tarball no local data for ip@https://registry.npmjs.org/ip/-/ip-2.0.0.tgz. Extracting by manifest.
161 silly tarball no local data for sparse-bitfield@https://registry.npmjs.org/sparse-bitfield/-/sparse-bitfield-3.0.3.tgz. Extracting by manifest.
162 silly tarball no local data for @types/webidl-conversions@https://registry.npmjs.org/@types/webidl-conversions/-/webidl-conversions-7.0.0.tgz. Extracting by manifest.
163 silly tarball no local data for @types/node@https://registry.npmjs.org/@types/node/-/node-20.4.10.tgz. Extracting by manifest.
164 silly tarball no local data for whatwg-url@https://registry.npmjs.org/whatwg-url/-/whatwg-url-11.0.0.tgz. Extracting by manifest.
165 silly tarball no local data for @types/whatwg-url@https://registry.npmjs.org/@types/whatwg-url/-/whatwg-url-8.2.2.tgz. Extracting by manifest.
166 silly tarball no local data for mongodb-connection-string-url@https://registry.npmjs.org/mongodb-connection-string-url/-/mongodb-connection-string-url-2.6.0.tgz. Extracting by manifest.
167 silly tarball no local data for saslprep@https://registry.npmjs.org/saslprep/-/saslprep-1.0.3.tgz. Extracting by manifest.
168 silly tarball no local data for sift@https://registry.npmjs.org/sift/-/sift-16.0.1.tgz. Extracting by manifest.
169 silly tarball no local data for mquery@https://registry.npmjs.org/mquery/-/mquery-5.0.0.tgz. Extracting by manifest.
170 silly tarball no local data for mpath@https://registry.npmjs.org/mpath/-/mpath-0.9.0.tgz. Extracting by manifest.
171 silly tarball no local data for mongodb@https://registry.npmjs.org/mongodb/-/mongodb-5.7.0.tgz. Extracting by manifest.
172 silly tarball no local data for bson@https://registry.npmjs.org/bson/-/bson-5.4.0.tgz. Extracting by manifest.
173 silly tarball no local data for kareem@https://registry.npmjs.org/kareem/-/kareem-2.5.1.tgz. Extracting by manifest.
174 silly tarball no local data for mongoose@https://registry.npmjs.org/mongoose/-/mongoose-7.4.3.tgz. Extracting by manifest.
175 silly tarball no local data for ms@https://registry.npmjs.org/ms/-/ms-2.1.2.tgz. Extracting by manifest.
176 silly tarball no local data for debug@https://registry.npmjs.org/debug/-/debug-4.3.4.tgz. Extracting by manifest.
177 silly tarball no local data for socks@https://registry.npmjs.org/socks/-/socks-2.7.1.tgz. Extracting by manifest.
178 timing reifyNode:node_modules/mongoose/node_modules/ms Completed in 194ms
179 http fetch GET 200 https://registry.npmjs.org/webidl-conversions/-/webidl-conversions-7.0.0.tgz 233ms (cache miss)
180 http fetch GET 200 https://registry.npmjs.org/memory-pager/-/memory-pager-1.5.0.tgz 231ms (cache miss)
181 timing reifyNode:node_modules/webidl-conversions Completed in 276ms
182 timing reifyNode:node_modules/memory-pager Completed in 281ms
183 http fetch POST 200 https://registry.npmjs.org/-/npm/v1/security/advisories/bulk 353ms
184 timing auditReport:getReport Completed in 361ms
185 silly audit report {}
186 timing auditReport:init Completed in 0ms
187 timing reify:audit Completed in 363ms
188 http fetch GET 200 https://registry.npmjs.org/mpath/-/mpath-0.9.0.tgz 449ms (cache miss)
189 http fetch GET 200 https://registry.npmjs.org/punycode/-/punycode-2.3.0.tgz 482ms (cache miss)
190 timing reifyNode:node_modules/punycode Completed in 519ms
191 timing reifyNode:node_modules/mpath Completed in 534ms
192 http fetch GET 200 https://registry.npmjs.org/ip/-/ip-2.0.0.tgz 519ms (cache miss)
193 timing reifyNode:node_modules/ip Completed in 565ms
194 http fetch GET 200 https://registry.npmjs.org/sparse-bitfield/-/sparse-bitfield-3.0.3.tgz 532ms (cache miss)
195 timing reifyNode:node_modules/sparse-bitfield Completed in 584ms
196 http fetch GET 200 https://registry.npmjs.org/smart-buffer/-/smart-buffer-4.2.0.tgz 551ms (cache miss)
197 timing reifyNode:node_modules/smart-buffer Completed in 597ms
198 http fetch GET 200 https://registry.npmjs.org/mquery/-/mquery-5.0.0.tgz 541ms (cache miss)
199 timing reifyNode:node_modules/mquery Completed in 605ms
200 http fetch GET 200 https://registry.npmjs.org/whatwg-url/-/whatwg-url-11.0.0.tgz 1085ms (cache miss)
201 timing reifyNode:node_modules/whatwg-url Completed in 1142ms
202 http fetch GET 200 https://registry.npmjs.org/ms/-/ms-2.1.2.tgz 1211ms (cache miss)
203 timing reifyNode:node_modules/mquery/node_modules/ms Completed in 1289ms
204 http fetch GET 200 https://registry.npmjs.org/tr46/-/tr46-3.0.0.tgz 1275ms (cache miss)
205 timing reifyNode:node_modules/tr46 Completed in 1318ms
206 http fetch GET 200 https://registry.npmjs.org/@types/whatwg-url/-/whatwg-url-8.2.2.tgz 1456ms (cache miss)
207 timing reifyNode:node_modules/@types/whatwg-url Completed in 1516ms
208 http fetch GET 200 https://registry.npmjs.org/socks/-/socks-2.7.1.tgz 1988ms (cache miss)
209 timing reifyNode:node_modules/socks Completed in 2065ms
210 http fetch GET 200 https://registry.npmjs.org/saslprep/-/saslprep-1.0.3.tgz 2047ms (cache miss)
211 timing reifyNode:node_modules/saslprep Completed in 2110ms
212 http fetch GET 200 https://registry.npmjs.org/kareem/-/kareem-2.5.1.tgz 2182ms (cache miss)
213 timing reifyNode:node_modules/kareem Completed in 2275ms
214 http fetch GET 200 https://registry.npmjs.org/@types/webidl-conversions/-/webidl-conversions-7.0.0.tgz 2554ms (cache miss)
215 timing reifyNode:node_modules/@types/webidl-conversions Completed in 2607ms
216 http fetch GET 200 https://registry.npmjs.org/debug/-/debug-4.3.4.tgz 2697ms (cache miss)
217 timing reifyNode:node_modules/mquery/node_modules/debug Completed in 2771ms
218 http fetch GET 200 https://registry.npmjs.org/sift/-/sift-16.0.1.tgz 3069ms (cache miss)
219 timing reifyNode:node_modules/sift Completed in 3131ms
220 http fetch GET 200 https://registry.npmjs.org/mongodb/-/mongodb-5.7.0.tgz 3133ms (cache miss)
221 timing reifyNode:node_modules/mongodb Completed in 3199ms
222 http fetch GET 200 https://registry.npmjs.org/mongoose/-/mongoose-7.4.3.tgz 3158ms (cache miss)
223 timing reifyNode:node_modules/mongoose Completed in 3230ms
224 http fetch GET 200 https://registry.npmjs.org/mongodb-connection-string-url/-/mongodb-connection-string-url-2.6.0.tgz 3267ms (cache miss)
225 timing reifyNode:node_modules/mongodb-connection-string-url Completed in 3325ms
226 http fetch GET 200 https://registry.npmjs.org/bson/-/bson-5.4.0.tgz 5302ms (cache miss)
227 timing reifyNode:node_modules/bson Completed in 5369ms
228 http fetch GET 200 https://registry.npmjs.org/@types/node/-/node-20.4.10.tgz 7079ms (cache miss)
229 timing reifyNode:node_modules/@types/node Completed in 7134ms
230 timing reify:unpack Completed in 7137ms
231 timing reify:unretire Completed in 0ms
232 timing build:queue Completed in 3ms
233 timing build:deps Completed in 6ms
234 timing build Completed in 6ms
235 timing reify:build Completed in 7ms
236 timing reify:trash Completed in 0ms
237 timing reify:save Completed in 72ms
238 timing reify Completed in 24210ms
239 silly ADD node_modules/punycode
240 silly ADD node_modules/webidl-conversions
241 silly ADD node_modules/tr46
242 silly ADD node_modules/memory-pager
243 silly ADD node_modules/smart-buffer
244 silly ADD node_modules/ip
245 silly ADD node_modules/sparse-bitfield
246 silly ADD node_modules/@types/webidl-conversions
247 silly ADD node_modules/@types/node
248 silly ADD node_modules/whatwg-url
249 silly ADD node_modules/@types/whatwg-url
250 silly ADD node_modules/socks
251 silly ADD node_modules/saslprep
252 silly ADD node_modules/mongodb-connection-string-url
253 silly ADD node_modules/sift
254 silly ADD node_modules/mquery
255 silly ADD node_modules/mquery/node_modules/ms
256 silly ADD node_modules/mquery/node_modules/debug
257 silly ADD node_modules/mpath
258 silly ADD node_modules/mongodb
259 silly ADD node_modules/kareem
260 silly ADD node_modules/bson
261 silly ADD node_modules/mongoose
262 silly ADD node_modules/mongoose/node_modules/ms
263 timing command:i Completed in 24221ms
264 verbose exit 0
265 timing npm Completed in 24553ms
266 info ok
