0 verbose cli D:\Program Files\nodejs\node.exe C:\Users\Ayeesha\AppData\Roaming\npm\node_modules\npm\bin\npm-cli.js
1 info using npm@9.8.1
2 info using node@v18.17.0
3 timing npm:load:whichnode Completed in 2ms
4 timing config:load:defaults Completed in 11ms
5 timing config:load:file:C:\Users\Ayeesha\AppData\Roaming\npm\node_modules\npm\npmrc Completed in 6ms
6 timing config:load:builtin Completed in 7ms
7 timing config:load:cli Completed in 3ms
8 timing config:load:env Completed in 1ms
9 timing config:load:file:D:\React\inotebook\.npmrc Completed in 1ms
10 timing config:load:project Completed in 2ms
11 timing config:load:file:C:\Users\Ayeesha\.npmrc Completed in 2ms
12 timing config:load:user Completed in 2ms
13 timing config:load:file:C:\Users\Ayeesha\AppData\Roaming\npm\etc\npmrc Completed in 1ms
14 timing config:load:global Completed in 1ms
15 timing config:load:setEnvs Completed in 2ms
16 timing config:load Completed in 29ms
17 timing npm:load:configload Completed in 29ms
18 timing config:load:flatten Completed in 2ms
19 timing npm:load:mkdirpcache Completed in 1ms
20 timing npm:load:mkdirplogs Completed in 0ms
21 verbose title npm init
22 verbose argv "init"
23 timing npm:load:setTitle Completed in 1ms
24 timing npm:load:display Completed in 1ms
25 verbose logfile logs-max:10 dir:D:\React\inotebook\backend\npm-cache\_logs\2023-08-12T00_28_18_100Z-
26 verbose logfile D:\React\inotebook\backend\npm-cache\_logs\2023-08-12T00_28_18_100Z-debug-0.log
27 timing npm:load:logFile Completed in 14ms
28 timing npm:load:timers Completed in 0ms
29 timing npm:load:configScope Completed in 1ms
30 timing npm:load Completed in 87ms
31 silly logfile done cleaning log files
32 http fetch GET 200 https://registry.npmjs.org/npm 18262ms (cache miss)
33 silly package data {
33 silly package data   name: 'inotebook',
33 silly package data   version: '1.0.0',
33 silly package data   description: 'Your notes on cloud',
33 silly package data   main: 'index.js',
33 silly package data   scripts: { test: 'echo "Error: no test specified" && exit 1' },
33 silly package data   author: '',
33 silly package data   license: 'ISC'
33 silly package data }
34 timing command:init Completed in 33335ms
35 verbose exit 0
36 timing npm Completed in 34039ms
37 info ok
