0 verbose cli D:\Program Files\nodejs\node.exe C:\Users\Ayeesha\AppData\Roaming\npm\node_modules\npm\bin\npm-cli.js
1 info using npm@9.8.1
2 info using node@v18.17.0
3 timing npm:load:whichnode Completed in 2ms
4 timing config:load:defaults Completed in 3ms
5 timing config:load:file:C:\Users\Ayeesha\AppData\Roaming\npm\node_modules\npm\npmrc Completed in 4ms
6 timing config:load:builtin Completed in 5ms
7 timing config:load:cli Completed in 1ms
8 timing config:load:env Completed in 1ms
9 timing config:load:file:D:\React\inotebook\backend\.npmrc Completed in 0ms
10 timing config:load:project Completed in 1ms
11 timing config:load:file:C:\Users\Ayeesha\.npmrc Completed in 1ms
12 timing config:load:user Completed in 1ms
13 timing config:load:file:C:\Users\Ayeesha\AppData\Roaming\npm\etc\npmrc Completed in 0ms
14 timing config:load:global Completed in 0ms
15 timing config:load:setEnvs Completed in 1ms
16 timing config:load Completed in 13ms
17 timing npm:load:configload Completed in 13ms
18 timing config:load:flatten Completed in 3ms
19 timing npm:load:mkdirpcache Completed in 0ms
20 timing npm:load:mkdirplogs Completed in 0ms
21 verbose title npm i express
22 verbose argv "i" "express"
23 timing npm:load:setTitle Completed in 1ms
24 timing npm:load:display Completed in 0ms
25 verbose logfile logs-max:10 dir:D:\React\inotebook\backend\npm-cache\_logs\2023-08-12T00_29_25_808Z-
26 verbose logfile D:\React\inotebook\backend\npm-cache\_logs\2023-08-12T00_29_25_808Z-debug-0.log
27 timing npm:load:logFile Completed in 11ms
28 timing npm:load:timers Completed in 0ms
29 timing npm:load:configScope Completed in 0ms
30 timing npm:load Completed in 51ms
31 timing arborist:ctor Completed in 0ms
32 silly logfile done cleaning log files
33 timing arborist:ctor Completed in 0ms
34 timing idealTree:init Completed in 11ms
35 timing idealTree:userRequests Completed in 3ms
36 silly idealTree buildDeps
37 silly fetch manifest express@*
38 http fetch GET 200 https://registry.npmjs.org/express 4099ms (cache miss)
39 silly placeDep ROOT express@4.18.2 OK for: inotebook@1.0.0 want: *
40 silly fetch manifest accepts@~1.3.8
41 silly fetch manifest array-flatten@1.1.1
42 silly fetch manifest body-parser@1.20.1
43 silly fetch manifest content-disposition@0.5.4
44 silly fetch manifest content-type@~1.0.4
45 silly fetch manifest cookie@0.5.0
46 silly fetch manifest cookie-signature@1.0.6
47 silly fetch manifest debug@2.6.9
48 silly fetch manifest depd@2.0.0
49 silly fetch manifest encodeurl@~1.0.2
50 silly fetch manifest escape-html@~1.0.3
51 silly fetch manifest etag@~1.8.1
52 silly fetch manifest finalhandler@1.2.0
53 silly fetch manifest fresh@0.5.2
54 silly fetch manifest http-errors@2.0.0
55 silly fetch manifest merge-descriptors@1.0.1
56 silly fetch manifest methods@~1.1.2
57 silly fetch manifest on-finished@2.4.1
58 silly fetch manifest parseurl@~1.3.3
59 silly fetch manifest path-to-regexp@0.1.7
60 silly fetch manifest proxy-addr@~2.0.7
61 silly fetch manifest qs@6.11.0
62 silly fetch manifest range-parser@~1.2.1
63 silly fetch manifest safe-buffer@5.2.1
64 silly fetch manifest send@0.18.0
65 silly fetch manifest serve-static@1.15.0
66 silly fetch manifest setprototypeof@1.2.0
67 silly fetch manifest statuses@2.0.1
68 silly fetch manifest type-is@~1.6.18
69 silly fetch manifest utils-merge@1.0.1
70 silly fetch manifest vary@~1.1.2
71 http fetch GET 200 https://registry.npmjs.org/accepts 334ms (cache miss)
72 http fetch GET 200 https://registry.npmjs.org/content-disposition 467ms (cache miss)
73 http fetch GET 200 https://registry.npmjs.org/merge-descriptors 487ms (cache miss)
74 http fetch GET 200 https://registry.npmjs.org/encodeurl 581ms (cache miss)
75 http fetch GET 200 https://registry.npmjs.org/methods 681ms (cache miss)
76 http fetch GET 200 https://registry.npmjs.org/content-type 771ms (cache miss)
77 http fetch GET 200 https://registry.npmjs.org/parseurl 839ms (cache miss)
78 http fetch GET 200 https://registry.npmjs.org/body-parser 1292ms (cache miss)
79 http fetch GET 200 https://registry.npmjs.org/escape-html 1317ms (cache miss)
80 http fetch GET 200 https://registry.npmjs.org/fresh 1371ms (cache miss)
81 http fetch GET 200 https://registry.npmjs.org/debug 1391ms (cache miss)
82 http fetch GET 200 https://registry.npmjs.org/http-errors 1416ms (cache miss)
83 http fetch GET 200 https://registry.npmjs.org/etag 1591ms (cache miss)
84 http fetch GET 200 https://registry.npmjs.org/on-finished 1615ms (cache miss)
85 http fetch GET 200 https://registry.npmjs.org/safe-buffer 1828ms (cache miss)
86 http fetch GET 200 https://registry.npmjs.org/cookie-signature 1879ms (cache miss)
87 http fetch GET 200 https://registry.npmjs.org/cookie 1905ms (cache miss)
88 http fetch GET 200 https://registry.npmjs.org/path-to-regexp 1946ms (cache miss)
89 http fetch GET 200 https://registry.npmjs.org/utils-merge 1982ms (cache miss)
90 http fetch GET 200 https://registry.npmjs.org/statuses 2036ms (cache miss)
91 http fetch GET 200 https://registry.npmjs.org/vary 2111ms (cache miss)
92 http fetch GET 200 https://registry.npmjs.org/setprototypeof 2383ms (cache miss)
93 http fetch GET 200 https://registry.npmjs.org/send 2452ms (cache miss)
94 http fetch GET 200 https://registry.npmjs.org/proxy-addr 2505ms (cache miss)
95 http fetch GET 200 https://registry.npmjs.org/serve-static 2603ms (cache miss)
96 http fetch GET 200 https://registry.npmjs.org/range-parser 2788ms (cache miss)
97 http fetch GET 200 https://registry.npmjs.org/type-is 2963ms (cache miss)
98 http fetch GET 200 https://registry.npmjs.org/array-flatten 3343ms (cache miss)
99 http fetch GET 200 https://registry.npmjs.org/depd 4919ms (cache miss)
100 http fetch GET 200 https://registry.npmjs.org/qs 6217ms (cache miss)
101 http fetch GET 200 https://registry.npmjs.org/finalhandler 8841ms (cache miss)
102 timing idealTree:#root Completed in 12985ms
103 silly placeDep ROOT accepts@1.3.8 OK for: express@4.18.2 want: ~1.3.8
104 silly fetch manifest mime-types@~2.1.34
105 silly fetch manifest negotiator@0.6.3
106 silly placeDep ROOT array-flatten@1.1.1 OK for: express@4.18.2 want: 1.1.1
107 silly placeDep ROOT body-parser@1.20.1 OK for: express@4.18.2 want: 1.20.1
108 silly fetch manifest bytes@3.1.2
109 silly fetch manifest destroy@1.2.0
110 silly fetch manifest iconv-lite@0.4.24
111 silly fetch manifest raw-body@2.5.1
112 silly fetch manifest unpipe@1.0.0
113 silly placeDep ROOT content-disposition@0.5.4 OK for: express@4.18.2 want: 0.5.4
114 silly placeDep ROOT content-type@1.0.5 OK for: express@4.18.2 want: ~1.0.4
115 silly placeDep ROOT cookie@0.5.0 OK for: express@4.18.2 want: 0.5.0
116 silly placeDep ROOT cookie-signature@1.0.6 OK for: express@4.18.2 want: 1.0.6
117 silly placeDep ROOT debug@2.6.9 OK for: express@4.18.2 want: 2.6.9
118 silly fetch manifest ms@2.0.0
119 silly placeDep ROOT depd@2.0.0 OK for: express@4.18.2 want: 2.0.0
120 silly placeDep ROOT encodeurl@1.0.2 OK for: express@4.18.2 want: ~1.0.2
121 silly placeDep ROOT escape-html@1.0.3 OK for: express@4.18.2 want: ~1.0.3
122 silly placeDep ROOT etag@1.8.1 OK for: express@4.18.2 want: ~1.8.1
123 silly placeDep ROOT finalhandler@1.2.0 OK for: express@4.18.2 want: 1.2.0
124 silly fetch manifest unpipe@~1.0.0
125 silly placeDep ROOT fresh@0.5.2 OK for: express@4.18.2 want: 0.5.2
126 silly placeDep ROOT http-errors@2.0.0 OK for: express@4.18.2 want: 2.0.0
127 silly fetch manifest inherits@2.0.4
128 silly fetch manifest toidentifier@1.0.1
129 silly placeDep ROOT merge-descriptors@1.0.1 OK for: express@4.18.2 want: 1.0.1
130 silly placeDep ROOT methods@1.1.2 OK for: express@4.18.2 want: ~1.1.2
131 silly placeDep ROOT on-finished@2.4.1 OK for: express@4.18.2 want: 2.4.1
132 silly fetch manifest ee-first@1.1.1
133 silly placeDep ROOT parseurl@1.3.3 OK for: express@4.18.2 want: ~1.3.3
134 silly placeDep ROOT path-to-regexp@0.1.7 OK for: express@4.18.2 want: 0.1.7
135 silly placeDep ROOT proxy-addr@2.0.7 OK for: express@4.18.2 want: ~2.0.7
136 silly fetch manifest forwarded@0.2.0
137 silly fetch manifest ipaddr.js@1.9.1
138 silly placeDep ROOT qs@6.11.0 OK for: express@4.18.2 want: 6.11.0
139 silly fetch manifest side-channel@^1.0.4
140 silly placeDep ROOT range-parser@1.2.1 OK for: express@4.18.2 want: ~1.2.1
141 silly placeDep ROOT safe-buffer@5.2.1 OK for: express@4.18.2 want: 5.2.1
142 silly placeDep ROOT send@0.18.0 OK for: express@4.18.2 want: 0.18.0
143 silly fetch manifest mime@1.6.0
144 silly fetch manifest ms@2.1.3
145 silly placeDep ROOT serve-static@1.15.0 OK for: express@4.18.2 want: 1.15.0
146 silly placeDep ROOT setprototypeof@1.2.0 OK for: express@4.18.2 want: 1.2.0
147 silly placeDep ROOT statuses@2.0.1 OK for: express@4.18.2 want: 2.0.1
148 silly placeDep ROOT type-is@1.6.18 OK for: express@4.18.2 want: ~1.6.18
149 silly fetch manifest media-typer@0.3.0
150 silly fetch manifest mime-types@~2.1.24
151 silly placeDep ROOT utils-merge@1.0.1 OK for: express@4.18.2 want: 1.0.1
152 silly placeDep ROOT vary@1.1.2 OK for: express@4.18.2 want: ~1.1.2
153 http fetch GET 200 https://registry.npmjs.org/bytes 222ms (cache miss)
154 http fetch GET 200 https://registry.npmjs.org/unpipe 256ms (cache miss)
155 http fetch GET 200 https://registry.npmjs.org/unpipe 271ms (cache miss)
156 http fetch GET 200 https://registry.npmjs.org/inherits 468ms (cache miss)
157 http fetch GET 200 https://registry.npmjs.org/ms 575ms (cache miss)
158 http fetch GET 200 https://registry.npmjs.org/negotiator 597ms (cache miss)
159 http fetch GET 200 https://registry.npmjs.org/raw-body 597ms (cache miss)
160 http fetch GET 200 https://registry.npmjs.org/ipaddr.js 575ms (cache miss)
161 http fetch GET 200 https://registry.npmjs.org/mime-types 681ms (cache miss)
162 http fetch GET 200 https://registry.npmjs.org/iconv-lite 682ms (cache miss)
163 http fetch GET 200 https://registry.npmjs.org/ms 655ms (cache miss)
164 http fetch GET 200 https://registry.npmjs.org/mime-types 708ms (cache miss)
165 http fetch GET 200 https://registry.npmjs.org/destroy 771ms (cache miss)
166 http fetch GET 200 https://registry.npmjs.org/mime 756ms (cache miss)
167 http fetch GET 200 https://registry.npmjs.org/forwarded 1122ms (cache miss)
168 http fetch GET 200 https://registry.npmjs.org/toidentifier 1177ms (cache miss)
169 http fetch GET 200 https://registry.npmjs.org/ee-first 1190ms (cache miss)
170 http fetch GET 200 https://registry.npmjs.org/side-channel 1218ms (cache miss)
171 http fetch GET 200 https://registry.npmjs.org/media-typer 1424ms (cache miss)
172 timing idealTree:node_modules/express Completed in 1496ms
173 silly placeDep ROOT mime-types@2.1.35 OK for: accepts@1.3.8 want: ~2.1.34
174 silly fetch manifest mime-db@1.52.0
175 silly placeDep ROOT negotiator@0.6.3 OK for: accepts@1.3.8 want: 0.6.3
176 http fetch GET 200 https://registry.npmjs.org/mime-db 922ms (cache miss)
177 timing idealTree:node_modules/accepts Completed in 927ms
178 timing idealTree:node_modules/array-flatten Completed in 0ms
179 silly placeDep ROOT bytes@3.1.2 OK for: body-parser@1.20.1 want: 3.1.2
180 silly placeDep ROOT destroy@1.2.0 OK for: body-parser@1.20.1 want: 1.2.0
181 silly placeDep ROOT iconv-lite@0.4.24 OK for: body-parser@1.20.1 want: 0.4.24
182 silly fetch manifest safer-buffer@>= 2.1.2 < 3
183 silly placeDep ROOT raw-body@2.5.1 OK for: body-parser@1.20.1 want: 2.5.1
184 silly placeDep ROOT unpipe@1.0.0 OK for: body-parser@1.20.1 want: 1.0.0
185 http fetch GET 200 https://registry.npmjs.org/safer-buffer 168ms (cache miss)
186 timing idealTree:node_modules/body-parser Completed in 175ms
187 timing idealTree:node_modules/bytes Completed in 0ms
188 timing idealTree:node_modules/content-disposition Completed in 0ms
189 timing idealTree:node_modules/content-type Completed in 0ms
190 timing idealTree:node_modules/cookie Completed in 0ms
191 timing idealTree:node_modules/cookie-signature Completed in 0ms
192 silly placeDep ROOT ms@2.0.0 OK for: debug@2.6.9 want: 2.0.0
193 timing idealTree:node_modules/debug Completed in 2ms
194 timing idealTree:node_modules/depd Completed in 0ms
195 timing idealTree:node_modules/destroy Completed in 0ms
196 timing idealTree:node_modules/encodeurl Completed in 0ms
197 timing idealTree:node_modules/escape-html Completed in 0ms
198 timing idealTree:node_modules/etag Completed in 0ms
199 timing idealTree:node_modules/finalhandler Completed in 0ms
200 timing idealTree:node_modules/fresh Completed in 0ms
201 silly placeDep ROOT inherits@2.0.4 OK for: http-errors@2.0.0 want: 2.0.4
202 silly placeDep ROOT toidentifier@1.0.1 OK for: http-errors@2.0.0 want: 1.0.1
203 timing idealTree:node_modules/http-errors Completed in 2ms
204 silly placeDep ROOT safer-buffer@2.1.2 OK for: iconv-lite@0.4.24 want: >= 2.1.2 < 3
205 timing idealTree:node_modules/iconv-lite Completed in 1ms
206 timing idealTree:node_modules/inherits Completed in 0ms
207 timing idealTree:node_modules/merge-descriptors Completed in 0ms
208 timing idealTree:node_modules/methods Completed in 0ms
209 silly placeDep ROOT mime-db@1.52.0 OK for: mime-types@2.1.35 want: 1.52.0
210 timing idealTree:node_modules/mime-types Completed in 1ms
211 timing idealTree:node_modules/mime-db Completed in 0ms
212 timing idealTree:node_modules/ms Completed in 0ms
213 timing idealTree:node_modules/negotiator Completed in 0ms
214 silly placeDep ROOT ee-first@1.1.1 OK for: on-finished@2.4.1 want: 1.1.1
215 timing idealTree:node_modules/on-finished Completed in 1ms
216 timing idealTree:node_modules/ee-first Completed in 0ms
217 timing idealTree:node_modules/parseurl Completed in 0ms
218 timing idealTree:node_modules/path-to-regexp Completed in 0ms
219 silly placeDep ROOT forwarded@0.2.0 OK for: proxy-addr@2.0.7 want: 0.2.0
220 silly placeDep ROOT ipaddr.js@1.9.1 OK for: proxy-addr@2.0.7 want: 1.9.1
221 timing idealTree:node_modules/proxy-addr Completed in 2ms
222 timing idealTree:node_modules/forwarded Completed in 0ms
223 timing idealTree:node_modules/ipaddr.js Completed in 0ms
224 silly placeDep ROOT side-channel@1.0.4 OK for: qs@6.11.0 want: ^1.0.4
225 silly fetch manifest call-bind@^1.0.0
226 silly fetch manifest get-intrinsic@^1.0.2
227 silly fetch manifest object-inspect@^1.9.0
228 http fetch GET 200 https://registry.npmjs.org/get-intrinsic 182ms (cache miss)
229 http fetch GET 200 https://registry.npmjs.org/call-bind 228ms (cache miss)
230 http fetch GET 200 https://registry.npmjs.org/object-inspect 227ms (cache miss)
231 timing idealTree:node_modules/qs Completed in 232ms
232 timing idealTree:node_modules/range-parser Completed in 0ms
233 timing idealTree:node_modules/raw-body Completed in 0ms
234 timing idealTree:node_modules/safe-buffer Completed in 0ms
235 timing idealTree:node_modules/safer-buffer Completed in 0ms
236 silly placeDep ROOT mime@1.6.0 OK for: send@0.18.0 want: 1.6.0
237 silly placeDep node_modules/send ms@2.1.3 OK for: send@0.18.0 want: 2.1.3
238 timing idealTree:node_modules/send Completed in 3ms
239 timing idealTree:node_modules/mime Completed in 0ms
240 timing idealTree:node_modules/serve-static Completed in 0ms
241 timing idealTree:node_modules/setprototypeof Completed in 0ms
242 silly placeDep ROOT call-bind@1.0.2 OK for: side-channel@1.0.4 want: ^1.0.0
243 silly fetch manifest function-bind@^1.1.1
244 silly placeDep ROOT get-intrinsic@1.2.1 OK for: side-channel@1.0.4 want: ^1.0.2
245 silly fetch manifest has@^1.0.3
246 silly fetch manifest has-proto@^1.0.1
247 silly fetch manifest has-symbols@^1.0.3
248 silly placeDep ROOT object-inspect@1.12.3 OK for: side-channel@1.0.4 want: ^1.9.0
249 http fetch GET 200 https://registry.npmjs.org/has 154ms (cache miss)
250 http fetch GET 200 https://registry.npmjs.org/has-proto 155ms (cache miss)
251 http fetch GET 200 https://registry.npmjs.org/has-symbols 174ms (cache miss)
252 http fetch GET 200 https://registry.npmjs.org/function-bind 188ms (cache miss)
253 timing idealTree:node_modules/side-channel Completed in 190ms
254 silly placeDep ROOT function-bind@1.1.1 OK for: call-bind@1.0.2 want: ^1.1.1
255 timing idealTree:node_modules/call-bind Completed in 2ms
256 timing idealTree:node_modules/function-bind Completed in 0ms
257 silly placeDep ROOT has@1.0.3 OK for: get-intrinsic@1.2.1 want: ^1.0.3
258 silly placeDep ROOT has-proto@1.0.1 OK for: get-intrinsic@1.2.1 want: ^1.0.1
259 silly placeDep ROOT has-symbols@1.0.3 OK for: get-intrinsic@1.2.1 want: ^1.0.3
260 timing idealTree:node_modules/get-intrinsic Completed in 2ms
261 timing idealTree:node_modules/has Completed in 0ms
262 timing idealTree:node_modules/has-proto Completed in 0ms
263 timing idealTree:node_modules/has-symbols Completed in 0ms
264 timing idealTree:node_modules/object-inspect Completed in 0ms
265 timing idealTree:node_modules/statuses Completed in 0ms
266 timing idealTree:node_modules/toidentifier Completed in 0ms
267 silly placeDep ROOT media-typer@0.3.0 OK for: type-is@1.6.18 want: 0.3.0
268 timing idealTree:node_modules/type-is Completed in 0ms
269 timing idealTree:node_modules/media-typer Completed in 0ms
270 timing idealTree:node_modules/unpipe Completed in 0ms
271 timing idealTree:node_modules/utils-merge Completed in 0ms
272 timing idealTree:node_modules/vary Completed in 0ms
273 timing idealTree:node_modules/send/node_modules/ms Completed in 0ms
274 timing idealTree:buildDeps Completed in 16026ms
275 timing idealTree:fixDepFlags Completed in 1ms
276 timing idealTree Completed in 16045ms
277 timing reify:loadTrees Completed in 16046ms
278 timing reify:diffTrees Completed in 3ms
279 silly reify moves {}
280 timing reify:retireShallow Completed in 2ms
281 timing reify:createSparse Completed in 73ms
282 timing reify:loadBundles Completed in 0ms
283 silly audit bulk request {
283 silly audit   express: [ '4.18.2' ],
283 silly audit   accepts: [ '1.3.8' ],
283 silly audit   'array-flatten': [ '1.1.1' ],
283 silly audit   'body-parser': [ '1.20.1' ],
283 silly audit   'content-disposition': [ '0.5.4' ],
283 silly audit   'content-type': [ '1.0.5' ],
283 silly audit   cookie: [ '0.5.0' ],
283 silly audit   'cookie-signature': [ '1.0.6' ],
283 silly audit   debug: [ '2.6.9' ],
283 silly audit   depd: [ '2.0.0' ],
283 silly audit   encodeurl: [ '1.0.2' ],
283 silly audit   'escape-html': [ '1.0.3' ],
283 silly audit   etag: [ '1.8.1' ],
283 silly audit   finalhandler: [ '1.2.0' ],
283 silly audit   fresh: [ '0.5.2' ],
283 silly audit   'http-errors': [ '2.0.0' ],
283 silly audit   'merge-descriptors': [ '1.0.1' ],
283 silly audit   methods: [ '1.1.2' ],
283 silly audit   'on-finished': [ '2.4.1' ],
283 silly audit   parseurl: [ '1.3.3' ],
283 silly audit   'path-to-regexp': [ '0.1.7' ],
283 silly audit   'proxy-addr': [ '2.0.7' ],
283 silly audit   qs: [ '6.11.0' ],
283 silly audit   'range-parser': [ '1.2.1' ],
283 silly audit   'safe-buffer': [ '5.2.1' ],
283 silly audit   send: [ '0.18.0' ],
283 silly audit   'serve-static': [ '1.15.0' ],
283 silly audit   setprototypeof: [ '1.2.0' ],
283 silly audit   statuses: [ '2.0.1' ],
283 silly audit   'type-is': [ '1.6.18' ],
283 silly audit   'utils-merge': [ '1.0.1' ],
283 silly audit   vary: [ '1.1.2' ],
283 silly audit   'mime-types': [ '2.1.35' ],
283 silly audit   negotiator: [ '0.6.3' ],
283 silly audit   bytes: [ '3.1.2' ],
283 silly audit   destroy: [ '1.2.0' ],
283 silly audit   'iconv-lite': [ '0.4.24' ],
283 silly audit   'raw-body': [ '2.5.1' ],
283 silly audit   unpipe: [ '1.0.0' ],
283 silly audit   ms: [ '2.0.0', '2.1.3' ],
283 silly audit   inherits: [ '2.0.4' ],
283 silly audit   toidentifier: [ '1.0.1' ],
283 silly audit   'safer-buffer': [ '2.1.2' ],
283 silly audit   'mime-db': [ '1.52.0' ],
283 silly audit   'ee-first': [ '1.1.1' ],
283 silly audit   forwarded: [ '0.2.0' ],
283 silly audit   'ipaddr.js': [ '1.9.1' ],
283 silly audit   'side-channel': [ '1.0.4' ],
283 silly audit   mime: [ '1.6.0' ],
283 silly audit   'call-bind': [ '1.0.2' ],
283 silly audit   'get-intrinsic': [ '1.2.1' ],
283 silly audit   'object-inspect': [ '1.12.3' ],
283 silly audit   'function-bind': [ '1.1.1' ],
283 silly audit   has: [ '1.0.3' ],
283 silly audit   'has-proto': [ '1.0.1' ],
283 silly audit   'has-symbols': [ '1.0.3' ],
283 silly audit   'media-typer': [ '0.3.0' ]
283 silly audit }
284 silly tarball no local data for has-symbols@https://registry.npmjs.org/has-symbols/-/has-symbols-1.0.3.tgz. Extracting by manifest.
285 silly tarball no local data for has-proto@https://registry.npmjs.org/has-proto/-/has-proto-1.0.1.tgz. Extracting by manifest.
286 silly tarball no local data for has@https://registry.npmjs.org/has/-/has-1.0.3.tgz. Extracting by manifest.
287 silly tarball no local data for object-inspect@https://registry.npmjs.org/object-inspect/-/object-inspect-1.12.3.tgz. Extracting by manifest.
288 silly tarball no local data for function-bind@https://registry.npmjs.org/function-bind/-/function-bind-1.1.1.tgz. Extracting by manifest.
289 silly tarball no local data for get-intrinsic@https://registry.npmjs.org/get-intrinsic/-/get-intrinsic-1.2.1.tgz. Extracting by manifest.
290 silly tarball no local data for mime@https://registry.npmjs.org/mime/-/mime-1.6.0.tgz. Extracting by manifest.
291 silly tarball no local data for call-bind@https://registry.npmjs.org/call-bind/-/call-bind-1.0.2.tgz. Extracting by manifest.
292 silly tarball no local data for ipaddr.js@https://registry.npmjs.org/ipaddr.js/-/ipaddr.js-1.9.1.tgz. Extracting by manifest.
293 silly tarball no local data for forwarded@https://registry.npmjs.org/forwarded/-/forwarded-0.2.0.tgz. Extracting by manifest.
294 silly tarball no local data for mime-db@https://registry.npmjs.org/mime-db/-/mime-db-1.52.0.tgz. Extracting by manifest.
295 silly tarball no local data for ee-first@https://registry.npmjs.org/ee-first/-/ee-first-1.1.1.tgz. Extracting by manifest.
296 silly tarball no local data for safer-buffer@https://registry.npmjs.org/safer-buffer/-/safer-buffer-2.1.2.tgz. Extracting by manifest.
297 silly tarball no local data for toidentifier@https://registry.npmjs.org/toidentifier/-/toidentifier-1.0.1.tgz. Extracting by manifest.
298 silly tarball no local data for inherits@https://registry.npmjs.org/inherits/-/inherits-2.0.4.tgz. Extracting by manifest.
299 silly tarball no local data for ms@https://registry.npmjs.org/ms/-/ms-2.0.0.tgz. Extracting by manifest.
300 silly tarball no local data for unpipe@https://registry.npmjs.org/unpipe/-/unpipe-1.0.0.tgz. Extracting by manifest.
301 silly tarball no local data for side-channel@https://registry.npmjs.org/side-channel/-/side-channel-1.0.4.tgz. Extracting by manifest.
302 silly tarball no local data for raw-body@https://registry.npmjs.org/raw-body/-/raw-body-2.5.1.tgz. Extracting by manifest.
303 silly tarball no local data for iconv-lite@https://registry.npmjs.org/iconv-lite/-/iconv-lite-0.4.24.tgz. Extracting by manifest.
304 silly tarball no local data for destroy@https://registry.npmjs.org/destroy/-/destroy-1.2.0.tgz. Extracting by manifest.
305 silly tarball no local data for bytes@https://registry.npmjs.org/bytes/-/bytes-3.1.2.tgz. Extracting by manifest.
306 silly tarball no local data for negotiator@https://registry.npmjs.org/negotiator/-/negotiator-0.6.3.tgz. Extracting by manifest.
307 silly tarball no local data for mime-types@https://registry.npmjs.org/mime-types/-/mime-types-2.1.35.tgz. Extracting by manifest.
308 silly tarball no local data for vary@https://registry.npmjs.org/vary/-/vary-1.1.2.tgz. Extracting by manifest.
309 silly tarball no local data for utils-merge@https://registry.npmjs.org/utils-merge/-/utils-merge-1.0.1.tgz. Extracting by manifest.
310 silly tarball no local data for type-is@https://registry.npmjs.org/type-is/-/type-is-1.6.18.tgz. Extracting by manifest.
311 silly tarball no local data for statuses@https://registry.npmjs.org/statuses/-/statuses-2.0.1.tgz. Extracting by manifest.
312 silly tarball no local data for setprototypeof@https://registry.npmjs.org/setprototypeof/-/setprototypeof-1.2.0.tgz. Extracting by manifest.
313 silly tarball no local data for safe-buffer@https://registry.npmjs.org/safe-buffer/-/safe-buffer-5.2.1.tgz. Extracting by manifest.
314 silly tarball no local data for serve-static@https://registry.npmjs.org/serve-static/-/serve-static-1.15.0.tgz. Extracting by manifest.
315 silly tarball no local data for range-parser@https://registry.npmjs.org/range-parser/-/range-parser-1.2.1.tgz. Extracting by manifest.
316 silly tarball no local data for qs@https://registry.npmjs.org/qs/-/qs-6.11.0.tgz. Extracting by manifest.
317 silly tarball no local data for proxy-addr@https://registry.npmjs.org/proxy-addr/-/proxy-addr-2.0.7.tgz. Extracting by manifest.
318 silly tarball no local data for send@https://registry.npmjs.org/send/-/send-0.18.0.tgz. Extracting by manifest.
319 silly tarball no local data for parseurl@https://registry.npmjs.org/parseurl/-/parseurl-1.3.3.tgz. Extracting by manifest.
320 silly tarball no local data for on-finished@https://registry.npmjs.org/on-finished/-/on-finished-2.4.1.tgz. Extracting by manifest.
321 silly tarball no local data for path-to-regexp@https://registry.npmjs.org/path-to-regexp/-/path-to-regexp-0.1.7.tgz. Extracting by manifest.
322 silly tarball no local data for methods@https://registry.npmjs.org/methods/-/methods-1.1.2.tgz. Extracting by manifest.
323 silly tarball no local data for merge-descriptors@https://registry.npmjs.org/merge-descriptors/-/merge-descriptors-1.0.1.tgz. Extracting by manifest.
324 silly tarball no local data for http-errors@https://registry.npmjs.org/http-errors/-/http-errors-2.0.0.tgz. Extracting by manifest.
325 silly tarball no local data for fresh@https://registry.npmjs.org/fresh/-/fresh-0.5.2.tgz. Extracting by manifest.
326 silly tarball no local data for finalhandler@https://registry.npmjs.org/finalhandler/-/finalhandler-1.2.0.tgz. Extracting by manifest.
327 silly tarball no local data for escape-html@https://registry.npmjs.org/escape-html/-/escape-html-1.0.3.tgz. Extracting by manifest.
328 silly tarball no local data for etag@https://registry.npmjs.org/etag/-/etag-1.8.1.tgz. Extracting by manifest.
329 silly tarball no local data for depd@https://registry.npmjs.org/depd/-/depd-2.0.0.tgz. Extracting by manifest.
330 silly tarball no local data for encodeurl@https://registry.npmjs.org/encodeurl/-/encodeurl-1.0.2.tgz. Extracting by manifest.
331 silly tarball no local data for cookie-signature@https://registry.npmjs.org/cookie-signature/-/cookie-signature-1.0.6.tgz. Extracting by manifest.
332 silly tarball no local data for debug@https://registry.npmjs.org/debug/-/debug-2.6.9.tgz. Extracting by manifest.
333 silly tarball no local data for content-type@https://registry.npmjs.org/content-type/-/content-type-1.0.5.tgz. Extracting by manifest.
334 silly tarball no local data for cookie@https://registry.npmjs.org/cookie/-/cookie-0.5.0.tgz. Extracting by manifest.
335 silly tarball no local data for content-disposition@https://registry.npmjs.org/content-disposition/-/content-disposition-0.5.4.tgz. Extracting by manifest.
336 silly tarball no local data for body-parser@https://registry.npmjs.org/body-parser/-/body-parser-1.20.1.tgz. Extracting by manifest.
337 silly tarball no local data for accepts@https://registry.npmjs.org/accepts/-/accepts-1.3.8.tgz. Extracting by manifest.
338 silly tarball no local data for array-flatten@https://registry.npmjs.org/array-flatten/-/array-flatten-1.1.1.tgz. Extracting by manifest.
339 silly tarball no local data for express@https://registry.npmjs.org/express/-/express-4.18.2.tgz. Extracting by manifest.
340 silly tarball no local data for ms@https://registry.npmjs.org/ms/-/ms-2.1.3.tgz. Extracting by manifest.
341 silly tarball no local data for media-typer@https://registry.npmjs.org/media-typer/-/media-typer-0.3.0.tgz. Extracting by manifest.
342 http fetch POST 200 https://registry.npmjs.org/-/npm/v1/security/advisories/bulk 443ms
343 timing auditReport:getReport Completed in 446ms
344 silly audit report {}
345 timing auditReport:init Completed in 0ms
346 timing reify:audit Completed in 447ms
347 http fetch GET 200 https://registry.npmjs.org/has/-/has-1.0.3.tgz 433ms (cache miss)
348 timing reifyNode:node_modules/has Completed in 529ms
349 http fetch GET 200 https://registry.npmjs.org/has-proto/-/has-proto-1.0.1.tgz 589ms (cache miss)
350 http fetch GET 200 https://registry.npmjs.org/toidentifier/-/toidentifier-1.0.1.tgz 578ms (cache miss)
351 http fetch GET 200 https://registry.npmjs.org/ee-first/-/ee-first-1.1.1.tgz 584ms (cache miss)
352 timing reifyNode:node_modules/ee-first Completed in 625ms
353 http fetch GET 200 https://registry.npmjs.org/inherits/-/inherits-2.0.4.tgz 618ms (cache miss)
354 http fetch GET 200 https://registry.npmjs.org/unpipe/-/unpipe-1.0.0.tgz 618ms (cache miss)
355 timing reifyNode:node_modules/has-proto Completed in 674ms
356 timing reifyNode:node_modules/toidentifier Completed in 674ms
357 timing reifyNode:node_modules/inherits Completed in 674ms
358 timing reifyNode:node_modules/unpipe Completed in 687ms
359 http fetch GET 200 https://registry.npmjs.org/ms/-/ms-2.0.0.tgz 645ms (cache miss)
360 timing reifyNode:node_modules/ms Completed in 687ms
361 http fetch GET 200 https://registry.npmjs.org/ipaddr.js/-/ipaddr.js-1.9.1.tgz 684ms (cache miss)
362 http fetch GET 200 https://registry.npmjs.org/forwarded/-/forwarded-0.2.0.tgz 704ms (cache miss)
363 timing reifyNode:node_modules/forwarded Completed in 786ms
364 http fetch GET 200 https://registry.npmjs.org/safer-buffer/-/safer-buffer-2.1.2.tgz 762ms (cache miss)
365 timing reifyNode:node_modules/safer-buffer Completed in 839ms
366 http fetch GET 200 https://registry.npmjs.org/bytes/-/bytes-3.1.2.tgz 789ms (cache miss)
367 timing reifyNode:node_modules/bytes Completed in 878ms
368 timing reifyNode:node_modules/ipaddr.js Completed in 901ms
369 http fetch GET 200 https://registry.npmjs.org/raw-body/-/raw-body-2.5.1.tgz 854ms (cache miss)
370 http fetch GET 200 https://registry.npmjs.org/destroy/-/destroy-1.2.0.tgz 854ms (cache miss)
371 timing reifyNode:node_modules/destroy Completed in 902ms
372 http fetch GET 200 https://registry.npmjs.org/safe-buffer/-/safe-buffer-5.2.1.tgz 873ms (cache miss)
373 http fetch GET 200 https://registry.npmjs.org/get-intrinsic/-/get-intrinsic-1.2.1.tgz 920ms (cache miss)
374 timing reifyNode:node_modules/get-intrinsic Completed in 952ms
375 timing reifyNode:node_modules/raw-body Completed in 953ms
376 http fetch GET 200 https://registry.npmjs.org/utils-merge/-/utils-merge-1.0.1.tgz 903ms (cache miss)
377 http fetch GET 200 https://registry.npmjs.org/setprototypeof/-/setprototypeof-1.2.0.tgz 915ms (cache miss)
378 timing reifyNode:node_modules/utils-merge Completed in 992ms
379 http fetch GET 200 https://registry.npmjs.org/range-parser/-/range-parser-1.2.1.tgz 939ms (cache miss)
380 http fetch GET 200 https://registry.npmjs.org/serve-static/-/serve-static-1.15.0.tgz 960ms (cache miss)
381 http fetch GET 200 https://registry.npmjs.org/mime/-/mime-1.6.0.tgz 992ms (cache miss)
382 timing reifyNode:node_modules/range-parser Completed in 1029ms
383 http fetch GET 200 https://registry.npmjs.org/mime-db/-/mime-db-1.52.0.tgz 1014ms (cache miss)
384 timing reifyNode:node_modules/mime-db Completed in 1053ms
385 timing reifyNode:node_modules/serve-static Completed in 1054ms
386 timing reifyNode:node_modules/mime Completed in 1073ms
387 timing reifyNode:node_modules/safe-buffer Completed in 1085ms
388 http fetch GET 200 https://registry.npmjs.org/function-bind/-/function-bind-1.1.1.tgz 1069ms (cache miss)
389 timing reifyNode:node_modules/setprototypeof Completed in 1100ms
390 http fetch GET 200 https://registry.npmjs.org/mime-types/-/mime-types-2.1.35.tgz 1065ms (cache miss)
391 timing reifyNode:node_modules/mime-types Completed in 1115ms
392 timing reifyNode:node_modules/function-bind Completed in 1157ms
393 http fetch GET 200 https://registry.npmjs.org/has-symbols/-/has-symbols-1.0.3.tgz 1132ms (cache miss)
394 timing reifyNode:node_modules/has-symbols Completed in 1158ms
395 http fetch GET 200 https://registry.npmjs.org/side-channel/-/side-channel-1.0.4.tgz 1112ms (cache miss)
396 http fetch GET 200 https://registry.npmjs.org/vary/-/vary-1.1.2.tgz 1132ms (cache miss)
397 http fetch GET 200 https://registry.npmjs.org/negotiator/-/negotiator-0.6.3.tgz 1151ms (cache miss)
398 http fetch GET 200 https://registry.npmjs.org/merge-descriptors/-/merge-descriptors-1.0.1.tgz 1144ms (cache miss)
399 timing reifyNode:node_modules/side-channel Completed in 1221ms
400 timing reifyNode:node_modules/vary Completed in 1221ms
401 http fetch GET 200 https://registry.npmjs.org/path-to-regexp/-/path-to-regexp-0.1.7.tgz 1164ms (cache miss)
402 http fetch GET 200 https://registry.npmjs.org/statuses/-/statuses-2.0.1.tgz 1177ms (cache miss)
403 http fetch GET 200 https://registry.npmjs.org/type-is/-/type-is-1.6.18.tgz 1178ms (cache miss)
404 timing reifyNode:node_modules/type-is Completed in 1229ms
405 http fetch GET 200 https://registry.npmjs.org/parseurl/-/parseurl-1.3.3.tgz 1175ms (cache miss)
406 timing reifyNode:node_modules/negotiator Completed in 1250ms
407 http fetch GET 200 https://registry.npmjs.org/on-finished/-/on-finished-2.4.1.tgz 1194ms (cache miss)
408 timing reifyNode:node_modules/path-to-regexp Completed in 1253ms
409 timing reifyNode:node_modules/parseurl Completed in 1267ms
410 timing reifyNode:node_modules/merge-descriptors Completed in 1269ms
411 timing reifyNode:node_modules/statuses Completed in 1292ms
412 timing reifyNode:node_modules/on-finished Completed in 1294ms
413 http fetch GET 200 https://registry.npmjs.org/fresh/-/fresh-0.5.2.tgz 1267ms (cache miss)
414 http fetch GET 200 https://registry.npmjs.org/http-errors/-/http-errors-2.0.0.tgz 1271ms (cache miss)
415 timing reifyNode:node_modules/fresh Completed in 1349ms
416 http fetch GET 200 https://registry.npmjs.org/cookie-signature/-/cookie-signature-1.0.6.tgz 1279ms (cache miss)
417 http fetch GET 200 https://registry.npmjs.org/escape-html/-/escape-html-1.0.3.tgz 1291ms (cache miss)
418 timing reifyNode:node_modules/escape-html Completed in 1358ms
419 http fetch GET 200 https://registry.npmjs.org/etag/-/etag-1.8.1.tgz 1297ms (cache miss)
420 timing reifyNode:node_modules/etag Completed in 1366ms
421 http fetch GET 200 https://registry.npmjs.org/encodeurl/-/encodeurl-1.0.2.tgz 1297ms (cache miss)
422 http fetch GET 200 https://registry.npmjs.org/finalhandler/-/finalhandler-1.2.0.tgz 1322ms (cache miss)
423 timing reifyNode:node_modules/http-errors Completed in 1386ms
424 http fetch GET 200 https://registry.npmjs.org/send/-/send-0.18.0.tgz 1331ms (cache miss)
425 timing reifyNode:node_modules/cookie-signature Completed in 1387ms
426 timing reifyNode:node_modules/encodeurl Completed in 1387ms
427 timing reifyNode:node_modules/finalhandler Completed in 1416ms
428 timing reifyNode:node_modules/send Completed in 1427ms
429 http fetch GET 200 https://registry.npmjs.org/content-disposition/-/content-disposition-0.5.4.tgz 1366ms (cache miss)
430 http fetch GET 200 https://registry.npmjs.org/ms/-/ms-2.1.3.tgz 1363ms (cache miss)
431 timing reifyNode:node_modules/send/node_modules/ms Completed in 1442ms
432 http fetch GET 200 https://registry.npmjs.org/depd/-/depd-2.0.0.tgz 1378ms (cache miss)
433 http fetch GET 200 https://registry.npmjs.org/content-type/-/content-type-1.0.5.tgz 1375ms (cache miss)
434 http fetch GET 200 https://registry.npmjs.org/accepts/-/accepts-1.3.8.tgz 1393ms (cache miss)
435 http fetch GET 200 https://registry.npmjs.org/array-flatten/-/array-flatten-1.1.1.tgz 1394ms (cache miss)
436 timing reifyNode:node_modules/array-flatten Completed in 1469ms
437 http fetch GET 200 https://registry.npmjs.org/call-bind/-/call-bind-1.0.2.tgz 1439ms (cache miss)
438 timing reifyNode:node_modules/call-bind Completed in 1472ms
439 http fetch GET 200 https://registry.npmjs.org/media-typer/-/media-typer-0.3.0.tgz 1399ms (cache miss)
440 timing reifyNode:node_modules/content-type Completed in 1478ms
441 timing reifyNode:node_modules/content-disposition Completed in 1480ms
442 timing reifyNode:node_modules/depd Completed in 1481ms
443 timing reifyNode:node_modules/accepts Completed in 1482ms
444 timing reifyNode:node_modules/media-typer Completed in 1487ms
445 http fetch GET 200 https://registry.npmjs.org/cookie/-/cookie-0.5.0.tgz 1415ms (cache miss)
446 timing reifyNode:node_modules/cookie Completed in 1495ms
447 http fetch GET 200 https://registry.npmjs.org/proxy-addr/-/proxy-addr-2.0.7.tgz 1486ms (cache miss)
448 timing reifyNode:node_modules/proxy-addr Completed in 1541ms
449 http fetch GET 200 https://registry.npmjs.org/body-parser/-/body-parser-1.20.1.tgz 1510ms (cache miss)
450 timing reifyNode:node_modules/body-parser Completed in 1584ms
451 http fetch GET 200 https://registry.npmjs.org/debug/-/debug-2.6.9.tgz 1523ms (cache miss)
452 timing reifyNode:node_modules/debug Completed in 1598ms
453 http fetch GET 200 https://registry.npmjs.org/qs/-/qs-6.11.0.tgz 1550ms (cache miss)
454 timing reifyNode:node_modules/qs Completed in 1604ms
455 http fetch GET 200 https://registry.npmjs.org/object-inspect/-/object-inspect-1.12.3.tgz 1595ms (cache miss)
456 timing reifyNode:node_modules/object-inspect Completed in 1627ms
457 http fetch GET 200 https://registry.npmjs.org/iconv-lite/-/iconv-lite-0.4.24.tgz 1585ms (cache miss)
458 timing reifyNode:node_modules/iconv-lite Completed in 1633ms
459 http fetch GET 200 https://registry.npmjs.org/methods/-/methods-1.1.2.tgz 1651ms (cache miss)
460 http fetch GET 200 https://registry.npmjs.org/express/-/express-4.18.2.tgz 1638ms (cache miss)
461 timing reifyNode:node_modules/express Completed in 1723ms
462 timing reifyNode:node_modules/methods Completed in 1725ms
463 timing reify:unpack Completed in 1726ms
464 timing reify:unretire Completed in 1ms
465 timing build:queue Completed in 1ms
466 timing build:link:node_modules/mime Completed in 15ms
467 timing build:link Completed in 15ms
468 timing build:deps Completed in 18ms
469 timing build Completed in 19ms
470 timing reify:build Completed in 19ms
471 timing reify:trash Completed in 0ms
472 timing reify:save Completed in 38ms
473 timing reify Completed in 17934ms
474 silly ADD node_modules/media-typer
475 silly ADD node_modules/has-symbols
476 silly ADD node_modules/has-proto
477 silly ADD node_modules/has
478 silly ADD node_modules/function-bind
479 silly ADD node_modules/object-inspect
480 silly ADD node_modules/get-intrinsic
481 silly ADD node_modules/call-bind
482 silly ADD node_modules/mime
483 silly ADD node_modules/side-channel
484 silly ADD node_modules/ipaddr.js
485 silly ADD node_modules/forwarded
486 silly ADD node_modules/ee-first
487 silly ADD node_modules/mime-db
488 silly ADD node_modules/safer-buffer
489 silly ADD node_modules/toidentifier
490 silly ADD node_modules/inherits
491 silly ADD node_modules/ms
492 silly ADD node_modules/unpipe
493 silly ADD node_modules/raw-body
494 silly ADD node_modules/iconv-lite
495 silly ADD node_modules/destroy
496 silly ADD node_modules/bytes
497 silly ADD node_modules/negotiator
498 silly ADD node_modules/mime-types
499 silly ADD node_modules/vary
500 silly ADD node_modules/utils-merge
501 silly ADD node_modules/type-is
502 silly ADD node_modules/statuses
503 silly ADD node_modules/setprototypeof
504 silly ADD node_modules/serve-static
505 silly ADD node_modules/send
506 silly ADD node_modules/send/node_modules/ms
507 silly ADD node_modules/safe-buffer
508 silly ADD node_modules/range-parser
509 silly ADD node_modules/qs
510 silly ADD node_modules/proxy-addr
511 silly ADD node_modules/path-to-regexp
512 silly ADD node_modules/parseurl
513 silly ADD node_modules/on-finished
514 silly ADD node_modules/methods
515 silly ADD node_modules/merge-descriptors
516 silly ADD node_modules/http-errors
517 silly ADD node_modules/fresh
518 silly ADD node_modules/finalhandler
519 silly ADD node_modules/etag
520 silly ADD node_modules/escape-html
521 silly ADD node_modules/encodeurl
522 silly ADD node_modules/depd
523 silly ADD node_modules/debug
524 silly ADD node_modules/cookie-signature
525 silly ADD node_modules/cookie
526 silly ADD node_modules/content-type
527 silly ADD node_modules/content-disposition
528 silly ADD node_modules/body-parser
529 silly ADD node_modules/array-flatten
530 silly ADD node_modules/accepts
531 silly ADD node_modules/express
532 timing command:i Completed in 17947ms
533 verbose exit 0
534 timing npm Completed in 18287ms
535 info ok
