0 verbose cli D:\Program Files\nodejs\node.exe C:\Users\Ayeesha\AppData\Roaming\npm\node_modules\npm\bin\npm-cli.js
1 info using npm@9.8.1
2 info using node@v18.17.0
3 timing npm:load:whichnode Completed in 3ms
4 timing config:load:defaults Completed in 3ms
5 timing config:load:file:C:\Users\Ayeesha\AppData\Roaming\npm\node_modules\npm\npmrc Completed in 8ms
6 timing config:load:builtin Completed in 8ms
7 timing config:load:cli Completed in 3ms
8 timing config:load:env Completed in 1ms
9 timing config:load:file:D:\React\inotebook\backend\.npmrc Completed in 0ms
10 timing config:load:project Completed in 5ms
11 timing config:load:file:C:\Users\Ayeesha\.npmrc Completed in 2ms
12 timing config:load:user Completed in 2ms
13 timing config:load:file:C:\Users\Ayeesha\AppData\Roaming\npm\etc\npmrc Completed in 1ms
14 timing config:load:global Completed in 1ms
15 timing config:load:setEnvs Completed in 2ms
16 timing config:load Completed in 26ms
17 timing npm:load:configload Completed in 26ms
18 timing config:load:flatten Completed in 3ms
19 timing npm:load:mkdirpcache Completed in 0ms
20 timing npm:load:mkdirplogs Completed in 1ms
21 verbose title npm install cors
22 verbose argv "install" "cors"
23 timing npm:load:setTitle Completed in 1ms
24 timing npm:load:display Completed in 1ms
25 verbose logfile logs-max:10 dir:D:\React\inotebook\backend\npm-cache\_logs\2023-08-19T13_58_27_565Z-
26 verbose logfile D:\React\inotebook\backend\npm-cache\_logs\2023-08-19T13_58_27_565Z-debug-0.log
27 timing npm:load:logFile Completed in 19ms
28 timing npm:load:timers Completed in 1ms
29 timing npm:load:configScope Completed in 0ms
30 timing npm:load Completed in 87ms
31 timing arborist:ctor Completed in 1ms
32 silly logfile start cleaning logs, removing 2 files
33 timing idealTree:init Completed in 79ms
34 timing idealTree:userRequests Completed in 1ms
35 silly idealTree buildDeps
36 silly fetch manifest cors@*
37 silly logfile done cleaning log files
38 timing arborist:ctor Completed in 1ms
39 http fetch GET 200 https://registry.npmjs.org/cors 6484ms (cache miss)
40 silly placeDep ROOT cors@2.8.5 OK for: inotebook@1.0.0 want: *
41 silly fetch manifest object-assign@^4
42 http fetch GET 200 https://registry.npmjs.org/object-assign 389ms (cache miss)
43 timing idealTree:#root Completed in 6896ms
44 silly placeDep ROOT object-assign@4.1.1 OK for: cors@2.8.5 want: ^4
45 timing idealTree:node_modules/cors Completed in 6ms
46 timing idealTree:node_modules/object-assign Completed in 0ms
47 timing idealTree:buildDeps Completed in 6904ms
48 timing idealTree:fixDepFlags Completed in 5ms
49 timing idealTree Completed in 6999ms
50 timing reify:loadTrees Completed in 7000ms
51 timing reify:diffTrees Completed in 14ms
52 silly reify moves {}
53 timing reify:retireShallow Completed in 3ms
54 timing reify:createSparse Completed in 4ms
55 timing reify:loadBundles Completed in 0ms
56 silly audit bulk request {
56 silly audit   '@types/node': [ '20.4.10' ],
56 silly audit   '@types/webidl-conversions': [ '7.0.0' ],
56 silly audit   '@types/whatwg-url': [ '8.2.2' ],
56 silly audit   abbrev: [ '1.1.1' ],
56 silly audit   accepts: [ '1.3.8' ],
56 silly audit   ajv: [ '6.12.6' ],
56 silly audit   anymatch: [ '3.1.3' ],
56 silly audit   'array-flatten': [ '1.1.1' ],
56 silly audit   asn1: [ '0.2.6' ],
56 silly audit   'assert-plus': [ '1.0.0' ],
56 silly audit   asynckit: [ '0.4.0' ],
56 silly audit   'aws-sign2': [ '0.7.0' ],
56 silly audit   aws4: [ '1.12.0' ],
56 silly audit   'balanced-match': [ '1.0.2' ],
56 silly audit   'bcrypt-pbkdf': [ '1.0.2' ],
56 silly audit   bcryptjs: [ '2.4.3' ],
56 silly audit   'binary-extensions': [ '2.2.0' ],
56 silly audit   'body-parser': [ '1.20.1' ],
56 silly audit   'brace-expansion': [ '1.1.11' ],
56 silly audit   braces: [ '3.0.2' ],
56 silly audit   bson: [ '5.4.0' ],
56 silly audit   'buffer-equal-constant-time': [ '1.0.1' ],
56 silly audit   bytes: [ '3.1.2' ],
56 silly audit   'call-bind': [ '1.0.2' ],
56 silly audit   caseless: [ '0.12.0' ],
56 silly audit   chokidar: [ '3.5.3' ],
56 silly audit   'combined-stream': [ '1.0.8' ],
56 silly audit   'concat-map': [ '0.0.1' ],
56 silly audit   'content-disposition': [ '0.5.4' ],
56 silly audit   'content-type': [ '1.0.5' ],
56 silly audit   cookie: [ '0.5.0' ],
56 silly audit   'cookie-signature': [ '1.0.6' ],
56 silly audit   'core-util-is': [ '1.0.2' ],
56 silly audit   cores: [ '0.8.5' ],
56 silly audit   dashdash: [ '1.14.1' ],
56 silly audit   debug: [ '2.6.9', '4.3.4', '3.2.7' ],
56 silly audit   'delayed-stream': [ '1.0.0' ],
56 silly audit   depd: [ '2.0.0' ],
56 silly audit   destroy: [ '1.2.0' ],
56 silly audit   'ecc-jsbn': [ '0.1.2' ],
56 silly audit   'ecdsa-sig-formatter': [ '1.0.11' ],
56 silly audit   'ee-first': [ '1.1.1' ],
56 silly audit   encodeurl: [ '1.0.2' ],
56 silly audit   'escape-html': [ '1.0.3' ],
56 silly audit   etag: [ '1.8.1' ],
56 silly audit   express: [ '4.18.2' ],
56 silly audit   'express-validator': [ '7.0.1' ],
56 silly audit   extend: [ '3.0.2' ],
56 silly audit   extsprintf: [ '1.3.0' ],
56 silly audit   'fast-deep-equal': [ '3.1.3' ],
56 silly audit   'fast-json-stable-stringify': [ '2.1.0' ],
56 silly audit   'fill-range': [ '7.0.1' ],
56 silly audit   finalhandler: [ '1.2.0' ],
56 silly audit   'forever-agent': [ '0.6.1' ],
56 silly audit   'form-data': [ '2.3.3' ],
56 silly audit   forwarded: [ '0.2.0' ],
56 silly audit   fresh: [ '0.5.2' ],
56 silly audit   fsevents: [ '2.3.2' ],
56 silly audit   'function-bind': [ '1.1.1' ],
56 silly audit   'get-intrinsic': [ '1.2.1' ],
56 silly audit   getpass: [ '0.1.7' ],
56 silly audit   'glob-parent': [ '5.1.2' ],
56 silly audit   'har-schema': [ '2.0.0' ],
56 silly audit   'har-validator': [ '5.1.5' ],
56 silly audit   has: [ '1.0.3' ],
56 silly audit   'has-flag': [ '3.0.0' ],
56 silly audit   'has-proto': [ '1.0.1' ],
56 silly audit   'has-symbols': [ '1.0.3' ],
56 silly audit   'http-errors': [ '2.0.0' ],
56 silly audit   'http-signature': [ '1.2.0' ],
56 silly audit   'iconv-lite': [ '0.4.24' ],
56 silly audit   'ignore-by-default': [ '1.0.1' ],
56 silly audit   inherits: [ '2.0.4' ],
56 silly audit   ip: [ '2.0.0' ],
56 silly audit   'ipaddr.js': [ '1.9.1' ],
56 silly audit   'is-binary-path': [ '2.1.0' ],
56 silly audit   'is-extglob': [ '2.1.1' ],
56 silly audit   'is-glob': [ '4.0.3' ],
56 silly audit   'is-number': [ '7.0.0' ],
56 silly audit   'is-typedarray': [ '1.0.0' ],
56 silly audit   isstream: [ '0.1.2' ],
56 silly audit   jsbn: [ '0.1.1' ],
56 silly audit   jski: [ '0.5.3' ],
56 silly audit   'json-schema': [ '0.4.0' ],
56 silly audit   'json-schema-traverse': [ '0.4.1' ],
56 silly audit   'json-stringify-safe': [ '5.0.1' ],
56 silly audit   jsonwebtoken: [ '9.0.1' ],
56 silly audit   ms: [ '2.1.3', '2.1.2', '2.0.0' ],
56 silly audit   jsprim: [ '1.4.2' ],
56 silly audit   jwa: [ '1.4.1' ],
56 silly audit   jws: [ '3.2.2' ],
56 silly audit   kareem: [ '2.5.1' ],
56 silly audit   kew: [ '0.4.0' ],
56 silly audit   lodash: [ '4.17.21' ],
56 silly audit   'lru-cache': [ '6.0.0' ],
56 silly audit   'media-typer': [ '0.3.0' ],
56 silly audit   'memory-pager': [ '1.5.0' ],
56 silly audit   'merge-descriptors': [ '1.0.1' ],
56 silly audit   methods: [ '1.1.2' ],
56 silly audit   mime: [ '1.6.0' ],
56 silly audit   'mime-db': [ '1.52.0' ],
56 silly audit   'mime-types': [ '2.1.35' ],
56 silly audit   minimatch: [ '3.1.2' ],
56 silly audit   mongodb: [ '5.7.0' ],
56 silly audit   'mongodb-connection-string-url': [ '2.6.0' ],
56 silly audit   mongoose: [ '7.4.3' ],
56 silly audit   mpath: [ '0.9.0' ],
56 silly audit   mquery: [ '5.0.0' ],
56 silly audit   negotiator: [ '0.6.3' ],
56 silly audit   nodemon: [ '3.0.1' ],
56 silly audit   nopt: [ '1.0.10' ],
56 silly audit   'normalize-path': [ '3.0.0' ],
56 silly audit   'oauth-sign': [ '0.9.0' ],
56 silly audit   'object-inspect': [ '1.12.3' ],
56 silly audit   'on-finished': [ '2.4.1' ],
56 silly audit   parseurl: [ '1.3.3' ],
56 silly audit   'path-to-regexp': [ '0.1.7' ],
56 silly audit   'performance-now': [ '2.1.0' ],
56 silly audit   picomatch: [ '2.3.1' ],
56 silly audit   'proxy-addr': [ '2.0.7' ],
56 silly audit   psl: [ '1.9.0' ],
56 silly audit   'pstree.remy': [ '1.1.8' ],
56 silly audit   punycode: [ '2.3.0' ],
56 silly audit   qs: [ '6.11.0', '6.5.3' ],
56 silly audit   'range-parser': [ '1.2.1' ],
56 silly audit   'raw-body': [ '2.5.1' ],
56 silly audit   readdirp: [ '3.6.0' ],
56 silly audit   request: [ '2.88.2' ],
56 silly audit   'safe-buffer': [ '5.2.1' ],
56 silly audit   'safer-buffer': [ '2.1.2' ],
56 silly audit   saslprep: [ '1.0.3' ],
56 silly audit   semver: [ '7.5.4' ],
56 silly audit   send: [ '0.18.0' ],
56 silly audit   'serve-static': [ '1.15.0' ],
56 silly audit   setprototypeof: [ '1.2.0' ],
56 silly audit   'side-channel': [ '1.0.4' ],
56 silly audit   sift: [ '16.0.1' ],
56 silly audit   'simple-update-notifier': [ '2.0.0' ],
56 silly audit   'smart-buffer': [ '4.2.0' ],
56 silly audit   socks: [ '2.7.1' ],
56 silly audit   'sparse-bitfield': [ '3.0.3' ],
56 silly audit   sshpk: [ '1.17.0' ],
56 silly audit   statuses: [ '2.0.1' ],
56 silly audit   'supports-color': [ '5.5.0' ],
56 silly audit   'to-regex-range': [ '5.0.1' ],
56 silly audit   toidentifier: [ '1.0.1' ],
56 silly audit   touch: [ '3.1.0' ],
56 silly audit   'tough-cookie': [ '2.5.0' ],
56 silly audit   tr46: [ '3.0.0' ],
56 silly audit   'tunnel-agent': [ '0.6.0' ],
56 silly audit   tweetnacl: [ '0.14.5' ],
56 silly audit   'type-is': [ '1.6.18' ],
56 silly audit   undefsafe: [ '2.0.5' ],
56 silly audit   unpipe: [ '1.0.0' ],
56 silly audit   'uri-js': [ '4.4.1' ],
56 silly audit   'utils-merge': [ '1.0.1' ],
56 silly audit   uuid: [ '3.4.0' ],
56 silly audit   validator: [ '13.11.0' ],
56 silly audit   vary: [ '1.1.2' ],
56 silly audit   verror: [ '1.10.0' ],
56 silly audit   'walk-fs': [ '0.0.2' ],
56 silly audit   'webidl-conversions': [ '7.0.0' ],
56 silly audit   'whatwg-url': [ '11.0.0' ],
56 silly audit   yallist: [ '4.0.0' ],
56 silly audit   cors: [ '2.8.5' ],
56 silly audit   'object-assign': [ '4.1.1' ]
56 silly audit }
57 verbose reify failed optional dependency D:\React\inotebook\backend\node_modules\fsevents
58 silly reify mark deleted [ 'D:\\React\\inotebook\\backend\\node_modules\\fsevents' ]
59 timing reifyNode:node_modules/fsevents Completed in 6ms
60 silly tarball no local data for cors@https://registry.npmjs.org/cors/-/cors-2.8.5.tgz. Extracting by manifest.
61 silly tarball no local data for object-assign@https://registry.npmjs.org/object-assign/-/object-assign-4.1.1.tgz. Extracting by manifest.
62 http fetch POST 200 https://registry.npmjs.org/-/npm/v1/security/advisories/bulk 901ms
63 timing auditReport:getReport Completed in 910ms
64 silly audit report {
64 silly audit report   request: [
64 silly audit report     {
64 silly audit report       id: 1092972,
64 silly audit report       url: 'https://github.com/advisories/GHSA-p8p7-x288-28g6',
64 silly audit report       title: 'Server-Side Request Forgery in Request',
64 silly audit report       severity: 'moderate',
64 silly audit report       vulnerable_versions: '<=2.88.2',
64 silly audit report       cwe: [Array],
64 silly audit report       cvss: [Object]
64 silly audit report     }
64 silly audit report   ],
64 silly audit report   'tough-cookie': [
64 silly audit report     {
64 silly audit report       id: 1092470,
64 silly audit report       url: 'https://github.com/advisories/GHSA-72xf-g2v4-qvf3',
64 silly audit report       title: 'tough-cookie Prototype Pollution vulnerability',
64 silly audit report       severity: 'moderate',
64 silly audit report       vulnerable_versions: '<4.1.3',
64 silly audit report       cwe: [Array],
64 silly audit report       cvss: [Object]
64 silly audit report     }
64 silly audit report   ]
64 silly audit report }
65 timing metavuln:cache:get:security-advisory:tough-cookie:VNuwVxANcCKf9fmuD0Vt2V7tyUFg0MOcTBXo66LvguhCeFU0pqdKjCffmtFFsDUZMFdCTHimURRZB0jVSz1wRg== Completed in 7ms
66 timing metavuln:cache:get:security-advisory:request:koWeGxnAvq4FABswDKpuz/5A9Fh4CEpyLScKR4Vcx8PqZAOQWapHQFcG4Z93jnNvMUUR00ZbC/YEgKSGkn+lcw== Completed in 9ms
67 http fetch GET 200 https://registry.npmjs.org/tough-cookie 273ms (cache revalidated)
68 timing metavuln:packument:tough-cookie Completed in 276ms
69 timing metavuln:load:security-advisory:tough-cookie:1092470 Completed in 2ms
70 timing metavuln:calculate:security-advisory:tough-cookie:1092470 Completed in 278ms
71 http fetch GET 200 https://registry.npmjs.org/request 1029ms (cache revalidated)
72 timing metavuln:packument:request Completed in 1035ms
73 timing metavuln:load:security-advisory:request:1092972 Completed in 3ms
74 timing metavuln:calculate:security-advisory:request:1092972 Completed in 1039ms
75 timing metavuln:cache:get:security-advisory:cores:nFWIlyt1gtko0wO5OztL9BYA92FWvDIcWYOA9YXLUmJNomDp8gNfVjBjAzMN9s1X5WESnk7H8e8ddFGxapP01Q== Completed in 12ms
76 http fetch GET 200 https://registry.npmjs.org/object-assign/-/object-assign-4.1.1.tgz 1957ms (cache miss)
77 timing reifyNode:node_modules/object-assign Completed in 1973ms
78 http fetch GET 200 https://registry.npmjs.org/cors/-/cors-2.8.5.tgz 1994ms (cache miss)
79 timing reifyNode:node_modules/cors Completed in 2005ms
80 timing reify:unpack Completed in 2006ms
81 timing reify:unretire Completed in 1ms
82 timing build:queue Completed in 1ms
83 timing build:deps Completed in 2ms
84 timing build Completed in 2ms
85 timing reify:build Completed in 3ms
86 timing reify:trash Completed in 7ms
87 timing reify:save Completed in 59ms
88 http fetch GET 200 https://registry.npmjs.org/cores 1467ms (cache revalidated)
89 timing metavuln:packument:cores Completed in 1470ms
90 timing metavuln:load:security-advisory:cores:koWeGxnAvq4FABswDKpuz/5A9Fh4CEpyLScKR4Vcx8PqZAOQWapHQFcG4Z93jnNvMUUR00ZbC/YEgKSGkn+lcw== Completed in 0ms
91 timing metavuln:calculate:security-advisory:cores:koWeGxnAvq4FABswDKpuz/5A9Fh4CEpyLScKR4Vcx8PqZAOQWapHQFcG4Z93jnNvMUUR00ZbC/YEgKSGkn+lcw== Completed in 1470ms
92 timing metavuln:cache:get:security-advisory:request:ha9I6cGuLN/1vrRjDs9jKCHGoyshzsZrn3liVXlwfWRxB2E/mWSVQsFkapkL7FqkKtl0mJVld9k3Junaf5/m0g== Completed in 2ms
93 timing metavuln:load:security-advisory:request:VNuwVxANcCKf9fmuD0Vt2V7tyUFg0MOcTBXo66LvguhCeFU0pqdKjCffmtFFsDUZMFdCTHimURRZB0jVSz1wRg== Completed in 1ms
94 timing metavuln:calculate:security-advisory:request:VNuwVxANcCKf9fmuD0Vt2V7tyUFg0MOcTBXo66LvguhCeFU0pqdKjCffmtFFsDUZMFdCTHimURRZB0jVSz1wRg== Completed in 4ms
95 timing auditReport:init Completed in 2525ms
96 timing reify:audit Completed in 3436ms
97 timing reify Completed in 10467ms
98 silly ADD node_modules/object-assign
99 silly ADD node_modules/cors
100 silly ADD
101 timing command:install Completed in 10495ms
102 verbose exit 0
103 timing npm Completed in 10896ms
104 info ok
